
PLAY [[CHALLENGE 6] Deploy container] ******************************************

TASK [Gathering Facts] *********************************************************
sábado 22 enero 2022  13:02:56 +0100 (0:00:00.006)       0:00:00.006 ********** 
ok: [remote1]

TASK [Copy challenge-4] ********************************************************
sábado 22 enero 2022  13:03:07 +0100 (0:00:10.904)       0:00:10.910 ********** 
ok: [remote1]

TASK [Build Dockerfile] ********************************************************
sábado 22 enero 2022  13:03:11 +0100 (0:00:04.512)       0:00:15.422 ********** 
ok: [remote1]

TASK [Deploy container] ********************************************************
sábado 22 enero 2022  13:03:13 +0100 (0:00:02.023)       0:00:17.446 ********** 
ok: [remote1]

PLAY RECAP *********************************************************************
remote1                    : ok=4    changed=0    unreachable=0    failed=0    skipped=0    rescued=0    ignored=0   

sábado 22 enero 2022  13:03:16 +0100 (0:00:02.144)       0:00:19.591 ********** 
=============================================================================== 
Gathering Facts -------------------------------------------------------- 10.90s
Copy challenge-4 -------------------------------------------------------- 4.51s
Deploy container -------------------------------------------------------- 2.14s
Build Dockerfile -------------------------------------------------------- 2.02s
